<?xml version="1.0" encoding="UTF-8"?>
<!-- Generated by org.testng.reporters.JUnitReportReporter -->
<testsuite hostname="ABDULLAHS" failures="0" tests="1" name="com.techpath.testcases.HomePageTest" time="9.936" errors="0" timestamp="07 Sep 2019 15:25:20 GMT" skipped="0">
  <testcase classname="com.techpath.testcases.HomePageTest" name="HomePage" time="9.936"/>
</testsuite> <!-- com.techpath.testcases.HomePageTest -->
