<?xml version="1.0" encoding="UTF-8"?>
<!-- Generated by org.testng.reporters.JUnitReportReporter -->
<testsuite hostname="ABDULLAHS" failures="0" tests="1" name="com.techpath.testcases.HomePageTest" time="10.089" errors="0" timestamp="07 Sep 2019 18:58:40 GMT" skipped="0">
  <testcase classname="com.techpath.testcases.HomePageTest" name="HomePage" time="10.089"/>
</testsuite> <!-- com.techpath.testcases.HomePageTest -->
